<?xml version="1.0" encoding="UTF-8"?>
<testsuite xmlns:xsi="http://www.w3.org/2001/XMLSchema-instance" xsi:noNamespaceSchemaLocation="https://maven.apache.org/surefire/maven-surefire-plugin/xsd/surefire-test-report-3.0.xsd" version="3.0" name="com.turboquant.backend.cpu.CpuSessionLifecycleTest" time="0.031" tests="28" errors="0" skipped="0" failures="0">
  <properties>
[...]
</properties>
  <testcase name="inferLastLogitsHasCorrectLength" classname="com.turboquant.backend.cpu.CpuSessionLifecycleTest" time="0.002">
    <system-err><![CDATA[[main] INFO com.turboquant.backend.cpu.CpuBackend - CpuBackend initialised with config: BackendConfig{deviceIndex=0, extras={}}
]]></system-err>
  </testcase>
  <testcase name="kvCacheCapacityIsStubConstant" classname="com.turboquant.backend.cpu.CpuSessionLifecycleTest" time="0.001">
    <system-err><![CDATA[[main] INFO com.turboquant.backend.cpu.CpuBackend - CpuBackend initialised with config: BackendConfig{deviceIndex=0, extras={}}
]]></system-err>
  </testcase>
  <testcase name="inferResultGeneratedTokenIdsAreInVocabRange" classname="com.turboquant.backend.cpu.CpuSessionLifecycleTest" time="0.001">
    <system-err><![CDATA[[main] INFO com.turboquant.backend.cpu.CpuBackend - CpuBackend initialised with config: BackendConfig{deviceIndex=0, extras={}}
]]></system-err>
  </testcase>
  <testcase name="quantiseInt8ReturnsInt8Dtype" classname="com.turboquant.backend.cpu.CpuSessionLifecycleTest" time="0.0">
    <system-err><![CDATA[[main] INFO com.turboquant.backend.cpu.CpuBackend - CpuBackend initialised with config: BackendConfig{deviceIndex=0, extras={}}
]]></system-err>
  </testcase>
  <testcase name="dequantiseReturnsSameShape" classname="com.turboquant.backend.cpu.CpuSessionLifecycleTest" time="0.001">
    <system-err><![CDATA[[main] INFO com.turboquant.backend.cpu.CpuBackend - CpuBackend initialised with config: BackendConfig{deviceIndex=0, extras={}}
]]></system-err>
  </testcase>
  <testcase name="kvCacheCachedTokensDoesNotExceedCapacity" classname="com.turboquant.backend.cpu.CpuSessionLifecycleTest" time="0.003">
    <system-err><![CDATA[[main] INFO com.turboquant.backend.cpu.CpuBackend - CpuBackend initialised with config: BackendConfig{deviceIndex=0, extras={}}
]]></system-err>
  </testcase>
  <testcase name="dequantiseReturnsFloat32Dtype" classname="com.turboquant.backend.cpu.CpuSessionLifecycleTest" time="0.0">
    <system-err><![CDATA[[main] INFO com.turboquant.backend.cpu.CpuBackend - CpuBackend initialised with config: BackendConfig{deviceIndex=0, extras={}}
]]></system-err>
  </testcase>
  <testcase name="kvCacheTokensGrowAfterInfer" classname="com.turboquant.backend.cpu.CpuSessionLifecycleTest" time="0.001">
    <system-err><![CDATA[[main] INFO com.turboquant.backend.cpu.CpuBackend - CpuBackend initialised with config: BackendConfig{deviceIndex=0, extras={}}
]]></system-err>
  </testcase>
  <testcase name="inferBackendNameIsCpuStub" classname="com.turboquant.backend.cpu.CpuSessionLifecycleTest" time="0.0">
    <system-err><![CDATA[[main] INFO com.turboquant.backend.cpu.CpuBackend - CpuBackend initialised with config: BackendConfig{deviceIndex=0, extras={}}
]]></system-err>
  </testcase>
  <testcase name="uploadShapeIsPreserved" classname="com.turboquant.backend.cpu.CpuSessionLifecycleTest" time="0.006">
    <system-err><![CDATA[[main] INFO com.turboquant.backend.cpu.CpuBackend - CpuBackend initialised with config: BackendConfig{deviceIndex=0, extras={}}
]]></system-err>
  </testcase>
  <testcase name="inferResultGeneratedTokenCountMatchesRequest" classname="com.turboquant.backend.cpu.CpuSessionLifecycleTest" time="0.0">
    <system-err><![CDATA[[main] INFO com.turboquant.backend.cpu.CpuBackend - CpuBackend initialised with config: BackendConfig{deviceIndex=0, extras={}}
]]></system-err>
  </testcase>
  <testcase name="kvCacheHitRateGrowsWithSubsequentInferences" classname="com.turboquant.backend.cpu.CpuSessionLifecycleTest" time="0.0">
    <system-err><![CDATA[[main] INFO com.turboquant.backend.cpu.CpuBackend - CpuBackend initialised with config: BackendConfig{deviceIndex=0, extras={}}
]]></system-err>
  </testcase>
  <testcase name="quantiseInt8ReturnsSameShape" classname="com.turboquant.backend.cpu.CpuSessionLifecycleTest" time="0.0">
    <system-err><![CDATA[[main] INFO com.turboquant.backend.cpu.CpuBackend - CpuBackend initialised with config: BackendConfig{deviceIndex=0, extras={}}
]]></system-err>
  </testcase>
  <testcase name="toFloatArrayThrowsForNonFloat32" classname="com.turboquant.backend.cpu.CpuSessionLifecycleTest" time="0.001">
    <system-err><![CDATA[[main] INFO com.turboquant.backend.cpu.CpuBackend - CpuBackend initialised with config: BackendConfig{deviceIndex=0, extras={}}
]]></system-err>
  </testcase>
  <testcase name="kvCacheSizeBytesGrowsWithCachedTokens" classname="com.turboquant.backend.cpu.CpuSessionLifecycleTest" time="0.001">
    <system-err><![CDATA[[main] INFO com.turboquant.backend.cpu.CpuBackend - CpuBackend initialised with config: BackendConfig{deviceIndex=0, extras={}}
]]></system-err>
  </testcase>
  <testcase name="inferLatencyIsPositive" classname="com.turboquant.backend.cpu.CpuSessionLifecycleTest" time="0.0">
    <system-err><![CDATA[[main] INFO com.turboquant.backend.cpu.CpuBackend - CpuBackend initialised with config: BackendConfig{deviceIndex=0, extras={}}
]]></system-err>
  </testcase>
  <testcase name="inferResultPromptTokenCountMatchesInput" classname="com.turboquant.backend.cpu.CpuSessionLifecycleTest" time="0.001">
    <system-err><![CDATA[[main] INFO com.turboquant.backend.cpu.CpuBackend - CpuBackend initialised with config: BackendConfig{deviceIndex=0, extras={}}
]]></system-err>
  </testcase>
  <testcase name="kvCacheIsEmptyBeforeAnyInfer" classname="com.turboquant.backend.cpu.CpuSessionLifecycleTest" time="0.0">
    <system-err><![CDATA[[main] INFO com.turboquant.backend.cpu.CpuBackend - CpuBackend initialised with config: BackendConfig{deviceIndex=0, extras={}}
]]></system-err>
  </testcase>
  <testcase name="allocateIsZeroFilled" classname="com.turboquant.backend.cpu.CpuSessionLifecycleTest" time="0.0">
    <system-err><![CDATA[[main] INFO com.turboquant.backend.cpu.CpuBackend - CpuBackend initialised with config: BackendConfig{deviceIndex=0, extras={}}
]]></system-err>
  </testcase>
  <testcase name="inferLastLogitsHasSingleNonZeroEntry" classname="com.turboquant.backend.cpu.CpuSessionLifecycleTest" time="0.001">
    <system-err><![CDATA[[main] INFO com.turboquant.backend.cpu.CpuBackend - CpuBackend initialised with config: BackendConfig{deviceIndex=0, extras={}}
]]></system-err>
  </testcase>
  <testcase name="uploadPreservesData" classname="com.turboquant.backend.cpu.CpuSessionLifecycleTest" time="0.0">
    <system-err><![CDATA[[main] INFO com.turboquant.backend.cpu.CpuBackend - CpuBackend initialised with config: BackendConfig{deviceIndex=0, extras={}}
]]></system-err>
  </testcase>
  <testcase name="inferReturnsNonNullResult" classname="com.turboquant.backend.cpu.CpuSessionLifecycleTest" time="0.001">
    <system-err><![CDATA[[main] INFO com.turboquant.backend.cpu.CpuBackend - CpuBackend initialised with config: BackendConfig{deviceIndex=0, extras={}}
]]></system-err>
  </testcase>
  <testcase name="synchronizeDoesNotThrow" classname="com.turboquant.backend.cpu.CpuSessionLifecycleTest" time="0.0">
    <system-err><![CDATA[[main] INFO com.turboquant.backend.cpu.CpuBackend - CpuBackend initialised with config: BackendConfig{deviceIndex=0, extras={}}
]]></system-err>
  </testcase>
  <testcase name="kvCacheHitRateNeverExceedsOne" classname="com.turboquant.backend.cpu.CpuSessionLifecycleTest" time="0.001">
    <system-err><![CDATA[[main] INFO com.turboquant.backend.cpu.CpuBackend - CpuBackend initialised with config: BackendConfig{deviceIndex=0, extras={}}
]]></system-err>
  </testcase>
  <testcase name="kvCacheHitRateIsZeroOnFirstInfer" classname="com.turboquant.backend.cpu.CpuSessionLifecycleTest" time="0.001">
    <system-err><![CDATA[[main] INFO com.turboquant.backend.cpu.CpuBackend - CpuBackend initialised with config: BackendConfig{deviceIndex=0, extras={}}
]]></system-err>
  </testcase>
  <testcase name="inferIsDeterministicAcrossCallsOnFreshSession" classname="com.turboquant.backend.cpu.CpuSessionLifecycleTest" time="0.0">
    <system-err><![CDATA[[main] INFO com.turboquant.backend.cpu.CpuBackend - CpuBackend initialised with config: BackendConfig{deviceIndex=0, extras={}}
]]></system-err>
  </testcase>
  <testcase name="allocateReturnsTensorWithCorrectDtype" classname="com.turboquant.backend.cpu.CpuSessionLifecycleTest" time="0.001">
    <system-err><![CDATA[[main] INFO com.turboquant.backend.cpu.CpuBackend - CpuBackend initialised with config: BackendConfig{deviceIndex=0, extras={}}
]]></system-err>
  </testcase>
  <testcase name="allocateReturnsTensorWithCorrectShape" classname="com.turboquant.backend.cpu.CpuSessionLifecycleTest" time="0.0">
    <system-err><![CDATA[[main] INFO com.turboquant.backend.cpu.CpuBackend - CpuBackend initialised with config: BackendConfig{deviceIndex=0, extras={}}
]]></system-err>
  </testcase>
</testsuite>