<?xml version="1.0" encoding="UTF-8"?>
<testsuite xmlns:xsi="http://www.w3.org/2001/XMLSchema-instance" xsi:noNamespaceSchemaLocation="https://maven.apache.org/surefire/maven-surefire-plugin/xsd/surefire-test-report-3.0.xsd" version="3.0" name="com.turboquant.runtime.core.BackendRegistryTest" time="0.032" tests="10" errors="0" skipped="0" failures="0">
  <properties>
[...]
</properties>
  <testcase name="createBestReturnsCpuStubOnNonGpuHost" classname="com.turboquant.runtime.core.BackendRegistryTest" time="0.014">
    <system-err><![CDATA[[main] INFO com.turboquant.runtime.core.BackendRegistry - BackendRegistry initialised with 1 provider(s): [cpu-stub]
]]></system-err>
  </testcase>
  <testcase name="findByName_isCaseInsensitive" classname="com.turboquant.runtime.core.BackendRegistryTest" time="0.001">
    <system-err><![CDATA[[main] INFO com.turboquant.runtime.core.BackendRegistry - BackendRegistry initialised with 1 provider(s): [cpu-stub]
]]></system-err>
  </testcase>
  <testcase name="bestProviderIsNonNullWhenCpuStubPresent" classname="com.turboquant.runtime.core.BackendRegistryTest" time="0.001">
    <system-err><![CDATA[[main] INFO com.turboquant.runtime.core.BackendRegistry - BackendRegistry initialised with 1 provider(s): [cpu-stub]
]]></system-err>
  </testcase>
  <testcase name="findByName_returnsEmptyForUnknownName" classname="com.turboquant.runtime.core.BackendRegistryTest" time="0.001">
    <system-err><![CDATA[[main] INFO com.turboquant.runtime.core.BackendRegistry - BackendRegistry initialised with 1 provider(s): [cpu-stub]
]]></system-err>
  </testcase>
  <testcase name="providersAreSortedByDescendingPriority" classname="com.turboquant.runtime.core.BackendRegistryTest" time="0.001">
    <system-err><![CDATA[[main] INFO com.turboquant.runtime.core.BackendRegistry - BackendRegistry initialised with 1 provider(s): [cpu-stub]
]]></system-err>
  </testcase>
  <testcase name="atLeastOneProviderIsDiscovered" classname="com.turboquant.runtime.core.BackendRegistryTest" time="0.001">
    <system-err><![CDATA[[main] INFO com.turboquant.runtime.core.BackendRegistry - BackendRegistry initialised with 1 provider(s): [cpu-stub]
]]></system-err>
  </testcase>
  <testcase name="cpuStubProviderIsAlwaysPresent" classname="com.turboquant.runtime.core.BackendRegistryTest" time="0.001">
    <system-err><![CDATA[[main] INFO com.turboquant.runtime.core.BackendRegistry - BackendRegistry initialised with 1 provider(s): [cpu-stub]
]]></system-err>
  </testcase>
  <testcase name="createByName_unknownBackend_throwsBackendException" classname="com.turboquant.runtime.core.BackendRegistryTest" time="0.001">
    <system-err><![CDATA[[main] INFO com.turboquant.runtime.core.BackendRegistry - BackendRegistry initialised with 1 provider(s): [cpu-stub]
]]></system-err>
  </testcase>
  <testcase name="createByName_cpuStub_returnsBackend" classname="com.turboquant.runtime.core.BackendRegistryTest" time="0.0">
    <system-err><![CDATA[[main] INFO com.turboquant.runtime.core.BackendRegistry - BackendRegistry initialised with 1 provider(s): [cpu-stub]
]]></system-err>
  </testcase>
  <testcase name="cpuStubIsAvailable" classname="com.turboquant.runtime.core.BackendRegistryTest" time="0.0">
    <system-err><![CDATA[[main] INFO com.turboquant.runtime.core.BackendRegistry - BackendRegistry initialised with 1 provider(s): [cpu-stub]
]]></system-err>
  </testcase>
</testsuite>