<?xml version="1.0" encoding="UTF-8"?>
<testsuite xmlns:xsi="http://www.w3.org/2001/XMLSchema-instance" xsi:noNamespaceSchemaLocation="https://maven.apache.org/surefire/maven-surefire-plugin/xsd/surefire-test-report-3.0.xsd" version="3.0" name="com.turboquant.runtime.core.DefaultTurboQuantRuntimeTest" time="0.02" tests="17" errors="0" skipped="0" failures="0">
  <properties>
[...]
</properties>
  <testcase name="cpuStubHasCpuFallbackCapability" classname="com.turboquant.runtime.core.DefaultTurboQuantRuntimeTest" time="0.005">
    <system-err><![CDATA[[main] INFO com.turboquant.runtime.core.BackendRegistry - BackendRegistry initialised with 1 provider(s): [cpu-stub]
[main] INFO com.turboquant.backend.cpu.CpuBackend - CpuBackend initialised with config: BackendConfig{deviceIndex=0, extras={}}
[main] INFO com.turboquant.runtime.core.DefaultTurboQuantRuntime - DefaultTurboQuantRuntime ready — backend='cpu-stub', config=BackendConfig{deviceIndex=0, extras={}}
[main] INFO com.turboquant.runtime.core.DefaultTurboQuantRuntime - DefaultTurboQuantRuntime closed (backend: cpu-stub)
]]></system-err>
  </testcase>
  <testcase name="kvCacheGrowsAfterInfer" classname="com.turboquant.runtime.core.DefaultTurboQuantRuntimeTest" time="0.001">
    <system-err><![CDATA[[main] INFO com.turboquant.runtime.core.BackendRegistry - BackendRegistry initialised with 1 provider(s): [cpu-stub]
[main] INFO com.turboquant.backend.cpu.CpuBackend - CpuBackend initialised with config: BackendConfig{deviceIndex=0, extras={}}
[main] INFO com.turboquant.runtime.core.DefaultTurboQuantRuntime - DefaultTurboQuantRuntime ready — backend='cpu-stub', config=BackendConfig{deviceIndex=0, extras={}}
[main] INFO com.turboquant.runtime.core.DefaultTurboQuantRuntime - DefaultTurboQuantRuntime closed (backend: cpu-stub)
]]></system-err>
  </testcase>
  <testcase name="backendVersionIsNonBlank" classname="com.turboquant.runtime.core.DefaultTurboQuantRuntimeTest" time="0.002">
    <system-err><![CDATA[[main] INFO com.turboquant.runtime.core.BackendRegistry - BackendRegistry initialised with 1 provider(s): [cpu-stub]
[main] INFO com.turboquant.backend.cpu.CpuBackend - CpuBackend initialised with config: BackendConfig{deviceIndex=0, extras={}}
[main] INFO com.turboquant.runtime.core.DefaultTurboQuantRuntime - DefaultTurboQuantRuntime ready — backend='cpu-stub', config=BackendConfig{deviceIndex=0, extras={}}
[main] INFO com.turboquant.runtime.core.DefaultTurboQuantRuntime - DefaultTurboQuantRuntime closed (backend: cpu-stub)
]]></system-err>
  </testcase>
  <testcase name="closeIsIdempotent" classname="com.turboquant.runtime.core.DefaultTurboQuantRuntimeTest" time="0.001">
    <system-err><![CDATA[[main] INFO com.turboquant.runtime.core.BackendRegistry - BackendRegistry initialised with 1 provider(s): [cpu-stub]
[main] INFO com.turboquant.backend.cpu.CpuBackend - CpuBackend initialised with config: BackendConfig{deviceIndex=0, extras={}}
[main] INFO com.turboquant.runtime.core.DefaultTurboQuantRuntime - DefaultTurboQuantRuntime ready — backend='cpu-stub', config=BackendConfig{deviceIndex=0, extras={}}
[main] INFO com.turboquant.runtime.core.DefaultTurboQuantRuntime - DefaultTurboQuantRuntime closed (backend: cpu-stub)
]]></system-err>
  </testcase>
  <testcase name="inferResultGeneratedTokenCountMatchesRequest" classname="com.turboquant.runtime.core.DefaultTurboQuantRuntimeTest" time="0.001">
    <system-err><![CDATA[[main] INFO com.turboquant.runtime.core.BackendRegistry - BackendRegistry initialised with 1 provider(s): [cpu-stub]
[main] INFO com.turboquant.backend.cpu.CpuBackend - CpuBackend initialised with config: BackendConfig{deviceIndex=0, extras={}}
[main] INFO com.turboquant.runtime.core.DefaultTurboQuantRuntime - DefaultTurboQuantRuntime ready — backend='cpu-stub', config=BackendConfig{deviceIndex=0, extras={}}
[main] INFO com.turboquant.runtime.core.DefaultTurboQuantRuntime - DefaultTurboQuantRuntime closed (backend: cpu-stub)
]]></system-err>
  </testcase>
  <testcase name="withBackend_cpuStub_createsRuntime" classname="com.turboquant.runtime.core.DefaultTurboQuantRuntimeTest" time="0.001">
    <system-err><![CDATA[[main] INFO com.turboquant.runtime.core.BackendRegistry - BackendRegistry initialised with 1 provider(s): [cpu-stub]
[main] INFO com.turboquant.backend.cpu.CpuBackend - CpuBackend initialised with config: BackendConfig{deviceIndex=0, extras={}}
[main] INFO com.turboquant.runtime.core.DefaultTurboQuantRuntime - DefaultTurboQuantRuntime ready — backend='cpu-stub', config=BackendConfig{deviceIndex=0, extras={}}
[main] INFO com.turboquant.runtime.core.DefaultTurboQuantRuntime - DefaultTurboQuantRuntime closed (backend: cpu-stub)
]]></system-err>
  </testcase>
  <testcase name="closedRuntimeThrowsOnSubsequentInfer" classname="com.turboquant.runtime.core.DefaultTurboQuantRuntimeTest" time="0.001">
    <system-err><![CDATA[[main] INFO com.turboquant.runtime.core.BackendRegistry - BackendRegistry initialised with 1 provider(s): [cpu-stub]
[main] INFO com.turboquant.backend.cpu.CpuBackend - CpuBackend initialised with config: BackendConfig{deviceIndex=0, extras={}}
[main] INFO com.turboquant.runtime.core.DefaultTurboQuantRuntime - DefaultTurboQuantRuntime ready — backend='cpu-stub', config=BackendConfig{deviceIndex=0, extras={}}
[main] INFO com.turboquant.runtime.core.DefaultTurboQuantRuntime - DefaultTurboQuantRuntime closed (backend: cpu-stub)
]]></system-err>
  </testcase>
  <testcase name="kvCacheAccumulatesAcrossMultipleCalls" classname="com.turboquant.runtime.core.DefaultTurboQuantRuntimeTest" time="0.001">
    <system-err><![CDATA[[main] INFO com.turboquant.runtime.core.BackendRegistry - BackendRegistry initialised with 1 provider(s): [cpu-stub]
[main] INFO com.turboquant.backend.cpu.CpuBackend - CpuBackend initialised with config: BackendConfig{deviceIndex=0, extras={}}
[main] INFO com.turboquant.runtime.core.DefaultTurboQuantRuntime - DefaultTurboQuantRuntime ready — backend='cpu-stub', config=BackendConfig{deviceIndex=0, extras={}}
[main] INFO com.turboquant.runtime.core.DefaultTurboQuantRuntime - DefaultTurboQuantRuntime closed (backend: cpu-stub)
]]></system-err>
  </testcase>
  <testcase name="inferLatencyIsPositive" classname="com.turboquant.runtime.core.DefaultTurboQuantRuntimeTest" time="0.001">
    <system-err><![CDATA[[main] INFO com.turboquant.runtime.core.BackendRegistry - BackendRegistry initialised with 1 provider(s): [cpu-stub]
[main] INFO com.turboquant.backend.cpu.CpuBackend - CpuBackend initialised with config: BackendConfig{deviceIndex=0, extras={}}
[main] INFO com.turboquant.runtime.core.DefaultTurboQuantRuntime - DefaultTurboQuantRuntime ready — backend='cpu-stub', config=BackendConfig{deviceIndex=0, extras={}}
[main] INFO com.turboquant.runtime.core.DefaultTurboQuantRuntime - DefaultTurboQuantRuntime closed (backend: cpu-stub)
]]></system-err>
  </testcase>
  <testcase name="autoSelectCreatesRuntime" classname="com.turboquant.runtime.core.DefaultTurboQuantRuntimeTest" time="0.0">
    <system-err><![CDATA[[main] INFO com.turboquant.runtime.core.BackendRegistry - BackendRegistry initialised with 1 provider(s): [cpu-stub]
[main] INFO com.turboquant.backend.cpu.CpuBackend - CpuBackend initialised with config: BackendConfig{deviceIndex=0, extras={}}
[main] INFO com.turboquant.runtime.core.DefaultTurboQuantRuntime - DefaultTurboQuantRuntime ready — backend='cpu-stub', config=BackendConfig{deviceIndex=0, extras={}}
[main] INFO com.turboquant.runtime.core.DefaultTurboQuantRuntime - DefaultTurboQuantRuntime closed (backend: cpu-stub)
]]></system-err>
  </testcase>
  <testcase name="kvCacheSizeBytesIsPositiveAfterInfer" classname="com.turboquant.runtime.core.DefaultTurboQuantRuntimeTest" time="0.0">
    <system-err><![CDATA[[main] INFO com.turboquant.runtime.core.BackendRegistry - BackendRegistry initialised with 1 provider(s): [cpu-stub]
[main] INFO com.turboquant.backend.cpu.CpuBackend - CpuBackend initialised with config: BackendConfig{deviceIndex=0, extras={}}
[main] INFO com.turboquant.runtime.core.DefaultTurboQuantRuntime - DefaultTurboQuantRuntime ready — backend='cpu-stub', config=BackendConfig{deviceIndex=0, extras={}}
[main] INFO com.turboquant.runtime.core.DefaultTurboQuantRuntime - DefaultTurboQuantRuntime closed (backend: cpu-stub)
]]></system-err>
  </testcase>
  <testcase name="withBackend_unknownName_throwsBackendException" classname="com.turboquant.runtime.core.DefaultTurboQuantRuntimeTest" time="0.001">
    <system-err><![CDATA[[main] INFO com.turboquant.runtime.core.BackendRegistry - BackendRegistry initialised with 1 provider(s): [cpu-stub]
]]></system-err>
  </testcase>
  <testcase name="inferResultPromptTokenCountMatchesInput" classname="com.turboquant.runtime.core.DefaultTurboQuantRuntimeTest" time="0.001">
    <system-err><![CDATA[[main] INFO com.turboquant.runtime.core.BackendRegistry - BackendRegistry initialised with 1 provider(s): [cpu-stub]
[main] INFO com.turboquant.backend.cpu.CpuBackend - CpuBackend initialised with config: BackendConfig{deviceIndex=0, extras={}}
[main] INFO com.turboquant.runtime.core.DefaultTurboQuantRuntime - DefaultTurboQuantRuntime ready — backend='cpu-stub', config=BackendConfig{deviceIndex=0, extras={}}
[main] INFO com.turboquant.runtime.core.DefaultTurboQuantRuntime - DefaultTurboQuantRuntime closed (backend: cpu-stub)
]]></system-err>
  </testcase>
  <testcase name="inferResultBackendNameIsCpuStub" classname="com.turboquant.runtime.core.DefaultTurboQuantRuntimeTest" time="0.0">
    <system-err><![CDATA[[main] INFO com.turboquant.runtime.core.BackendRegistry - BackendRegistry initialised with 1 provider(s): [cpu-stub]
[main] INFO com.turboquant.backend.cpu.CpuBackend - CpuBackend initialised with config: BackendConfig{deviceIndex=0, extras={}}
[main] INFO com.turboquant.runtime.core.DefaultTurboQuantRuntime - DefaultTurboQuantRuntime ready — backend='cpu-stub', config=BackendConfig{deviceIndex=0, extras={}}
[main] INFO com.turboquant.runtime.core.DefaultTurboQuantRuntime - DefaultTurboQuantRuntime closed (backend: cpu-stub)
]]></system-err>
  </testcase>
  <testcase name="inferReturnsNonNullResult" classname="com.turboquant.runtime.core.DefaultTurboQuantRuntimeTest" time="0.0">
    <system-err><![CDATA[[main] INFO com.turboquant.runtime.core.BackendRegistry - BackendRegistry initialised with 1 provider(s): [cpu-stub]
[main] INFO com.turboquant.backend.cpu.CpuBackend - CpuBackend initialised with config: BackendConfig{deviceIndex=0, extras={}}
[main] INFO com.turboquant.runtime.core.DefaultTurboQuantRuntime - DefaultTurboQuantRuntime ready — backend='cpu-stub', config=BackendConfig{deviceIndex=0, extras={}}
[main] INFO com.turboquant.runtime.core.DefaultTurboQuantRuntime - DefaultTurboQuantRuntime closed (backend: cpu-stub)
]]></system-err>
  </testcase>
  <testcase name="kvCacheStatsAreEmptyBeforeFirstInfer" classname="com.turboquant.runtime.core.DefaultTurboQuantRuntimeTest" time="0.001">
    <system-err><![CDATA[[main] INFO com.turboquant.runtime.core.BackendRegistry - BackendRegistry initialised with 1 provider(s): [cpu-stub]
[main] INFO com.turboquant.backend.cpu.CpuBackend - CpuBackend initialised with config: BackendConfig{deviceIndex=0, extras={}}
[main] INFO com.turboquant.runtime.core.DefaultTurboQuantRuntime - DefaultTurboQuantRuntime ready — backend='cpu-stub', config=BackendConfig{deviceIndex=0, extras={}}
[main] INFO com.turboquant.runtime.core.DefaultTurboQuantRuntime - DefaultTurboQuantRuntime closed (backend: cpu-stub)
]]></system-err>
  </testcase>
  <testcase name="inferIsDeterministicForSamePrompt" classname="com.turboquant.runtime.core.DefaultTurboQuantRuntimeTest" time="0.001">
    <system-err><![CDATA[[main] INFO com.turboquant.runtime.core.BackendRegistry - BackendRegistry initialised with 1 provider(s): [cpu-stub]
[main] INFO com.turboquant.backend.cpu.CpuBackend - CpuBackend initialised with config: BackendConfig{deviceIndex=0, extras={}}
[main] INFO com.turboquant.runtime.core.DefaultTurboQuantRuntime - DefaultTurboQuantRuntime ready — backend='cpu-stub', config=BackendConfig{deviceIndex=0, extras={}}
[main] INFO com.turboquant.runtime.core.DefaultTurboQuantRuntime - DefaultTurboQuantRuntime closed (backend: cpu-stub)
[main] INFO com.turboquant.runtime.core.BackendRegistry - BackendRegistry initialised with 1 provider(s): [cpu-stub]
[main] INFO com.turboquant.backend.cpu.CpuBackend - CpuBackend initialised with config: BackendConfig{deviceIndex=0, extras={}}
[main] INFO com.turboquant.runtime.core.DefaultTurboQuantRuntime - DefaultTurboQuantRuntime ready — backend='cpu-stub', config=BackendConfig{deviceIndex=0, extras={}}
[main] INFO com.turboquant.runtime.core.DefaultTurboQuantRuntime - DefaultTurboQuantRuntime closed (backend: cpu-stub)
]]></system-err>
  </testcase>
</testsuite>